<?xml version="1.0" encoding="UTF-8"?>
<testng-results ignored="0" total="2" passed="2" failed="0" skipped="0">
  <reporter-output>
  </reporter-output>
  <suite started-at="2023-08-15T21:13:13 IST" name="suite" finished-at="2023-08-15T21:16:06 IST" duration-ms="172865">
    <groups>
    </groups>
    <test started-at="2023-08-15T21:13:13 IST" name="edge" finished-at="2023-08-15T21:15:25 IST" duration-ms="131642">
      <class name="crossbrowserdemo.crbrowserdem">
        <test-method is-config="true" signature="Setup(java.lang.String)[pri:0, instance:crossbrowserdemo.crbrowserdem@645aa696]" started-at="2023-08-15T21:13:13 IST" name="Setup" finished-at="2023-08-15T21:15:06 IST" duration-ms="112486" status="PASS">
          <params>
            <param index="0">
              <value>
                <![CDATA[edge]]>
              </value>
            </param>
          </params>
          <reporter-output>
          </reporter-output>
        </test-method> <!-- Setup -->
        <test-method signature="login()[pri:0, instance:crossbrowserdemo.crbrowserdem@645aa696]" started-at="2023-08-15T21:15:06 IST" name="login" finished-at="2023-08-15T21:15:25 IST" duration-ms="19045" status="PASS">
          <reporter-output>
          </reporter-output>
        </test-method> <!-- login -->
      </class> <!-- crossbrowserdemo.crbrowserdem -->
    </test> <!-- edge -->
    <test started-at="2023-08-15T21:13:13 IST" name="chrome" finished-at="2023-08-15T21:16:06 IST" duration-ms="172865">
      <class name="crossbrowserdemo.crbrowserdem">
        <test-method is-config="true" signature="Setup(java.lang.String)[pri:0, instance:crossbrowserdemo.crbrowserdem@25ce9dc4]" started-at="2023-08-15T21:13:13 IST" name="Setup" finished-at="2023-08-15T21:15:42 IST" duration-ms="148141" status="PASS">
          <params>
            <param index="0">
              <value>
                <![CDATA[chrome]]>
              </value>
            </param>
          </params>
          <reporter-output>
          </reporter-output>
        </test-method> <!-- Setup -->
        <test-method signature="login()[pri:0, instance:crossbrowserdemo.crbrowserdem@25ce9dc4]" started-at="2023-08-15T21:15:42 IST" name="login" finished-at="2023-08-15T21:16:06 IST" duration-ms="24700" status="PASS">
          <reporter-output>
          </reporter-output>
        </test-method> <!-- login -->
      </class> <!-- crossbrowserdemo.crbrowserdem -->
    </test> <!-- chrome -->
  </suite> <!-- suite -->
</testng-results>
